Build started 11/9/2014 11:22:10 AM.
     1>Project "D:\MyEngine\Huffman Compression\Huffman Compression\Huffman Compression.vcxproj" on node 2 (build target(s)).
     1>InitializeBuildStatus:
         Touching "Debug\Huffman Compression.unsuccessfulbuild".
       ClCompile:
         All outputs are up-to-date.
       ManifestResourceCompile:
         All outputs are up-to-date.
       Link:
         C:\Program Files (x86)\Microsoft Visual Studio 10.0\VC\bin\link.exe /ERRORREPORT:PROMPT /OUT:"D:\MyEngine\Huffman Compression\Debug\Huffman Compression.exe" /INCREMENTAL /NOLOGO kernel32.lib user32.lib gdi32.lib winspool.lib comdlg32.lib advapi32.lib shell32.lib ole32.lib oleaut32.lib uuid.lib odbc32.lib odbccp32.lib /MANIFEST /ManifestFile:"Debug\Huffman Compression.exe.intermediate.manifest" /MANIFESTUAC:"level='asInvoker' uiAccess='false'" /DEBUG /PDB:"D:\MyEngine\Huffman Compression\Debug\Huffman Compression.pdb" /SUBSYSTEM:CONSOLE /TLBID:1 /DYNAMICBASE /NXCOMPAT /IMPLIB:"D:\MyEngine\Huffman Compression\Debug\Huffman Compression.lib" /MACHINE:X86 "Debug\Huffman Compression.exe.embed.manifest.res"
         Debug\mainer.obj
       Manifest:
         C:\Program Files (x86)\Microsoft SDKs\Windows\v7.0A\bin\mt.exe /nologo /verbose /out:"Debug\Huffman Compression.exe.embed.manifest" /manifest "Debug\Huffman Compression.exe.intermediate.manifest"
         All outputs are up-to-date.
       LinkEmbedManifest:
         All outputs are up-to-date.
         Huffman Compression.vcxproj -> D:\MyEngine\Huffman Compression\Debug\Huffman Compression.exe
       FinalizeBuildStatus:
         Deleting file "Debug\Huffman Compression.unsuccessfulbuild".
         Touching "Debug\Huffman Compression.lastbuildstate".
     1>Done Building Project "D:\MyEngine\Huffman Compression\Huffman Compression\Huffman Compression.vcxproj" (build target(s)).

Build succeeded.

Time Elapsed 00:00:00.42
