D:\MYENGINE\PROJECTFILES2\HUFFMAN COMPRESSION\DEBUG\HUFFMAN COMPRESSION.EXE
D:\MYENGINE\PROJECTFILES2\HUFFMAN COMPRESSION\DEBUG\HUFFMAN COMPRESSION.ILK
D:\MYENGINE\PROJECTFILES2\HUFFMAN COMPRESSION\DEBUG\HUFFMAN COMPRESSION.PDB
D:\MyEngine\ProjectFiles2\Huffman Compression\Huffman Compression\Debug\cl.command.1.tlog
D:\MyEngine\ProjectFiles2\Huffman Compression\Huffman Compression\Debug\CL.read.1.tlog
D:\MyEngine\ProjectFiles2\Huffman Compression\Huffman Compression\Debug\CL.write.1.tlog
D:\MYENGINE\PROJECTFILES2\HUFFMAN COMPRESSION\HUFFMAN COMPRESSION\DEBUG\HUFFMAN COMPRESSION.EXE.EMBED.MANIFEST
D:\MYENGINE\PROJECTFILES2\HUFFMAN COMPRESSION\HUFFMAN COMPRESSION\DEBUG\HUFFMAN COMPRESSION.EXE.EMBED.MANIFEST.RES
D:\MYENGINE\PROJECTFILES2\HUFFMAN COMPRESSION\HUFFMAN COMPRESSION\DEBUG\HUFFMAN COMPRESSION.EXE.INTERMEDIATE.MANIFEST
D:\MyEngine\ProjectFiles2\Huffman Compression\Huffman Compression\Debug\Huffman Compression_manifest.rc
D:\MyEngine\ProjectFiles2\Huffman Compression\Huffman Compression\Debug\link.3936.read.1.tlog
D:\MyEngine\ProjectFiles2\Huffman Compression\Huffman Compression\Debug\link.3936.write.1.tlog
D:\MyEngine\ProjectFiles2\Huffman Compression\Huffman Compression\Debug\link.3936-cvtres.read.1.tlog
D:\MyEngine\ProjectFiles2\Huffman Compression\Huffman Compression\Debug\link.3936-cvtres.write.1.tlog
D:\MyEngine\ProjectFiles2\Huffman Compression\Huffman Compression\Debug\link.command.1.tlog
D:\MyEngine\ProjectFiles2\Huffman Compression\Huffman Compression\Debug\link.read.1.tlog
D:\MyEngine\ProjectFiles2\Huffman Compression\Huffman Compression\Debug\link.write.1.tlog
D:\MyEngine\ProjectFiles2\Huffman Compression\Huffman Compression\Debug\link-cvtres.read.1.tlog
D:\MyEngine\ProjectFiles2\Huffman Compression\Huffman Compression\Debug\link-cvtres.write.1.tlog
D:\MYENGINE\PROJECTFILES2\HUFFMAN COMPRESSION\HUFFMAN COMPRESSION\DEBUG\MAINER.OBJ
D:\MYENGINE\PROJECTFILES2\HUFFMAN COMPRESSION\HUFFMAN COMPRESSION\DEBUG\MAINER2.OBJ
D:\MYENGINE\PROJECTFILES2\HUFFMAN COMPRESSION\HUFFMAN COMPRESSION\DEBUG\MAINER3.OBJ
D:\MYENGINE\PROJECTFILES2\HUFFMAN COMPRESSION\HUFFMAN COMPRESSION\DEBUG\MAINER4.OBJ
D:\MYENGINE\PROJECTFILES2\HUFFMAN COMPRESSION\HUFFMAN COMPRESSION\DEBUG\MAINER5.OBJ
D:\MYENGINE\PROJECTFILES2\HUFFMAN COMPRESSION\HUFFMAN COMPRESSION\DEBUG\MAINER6.OBJ
D:\MYENGINE\PROJECTFILES2\HUFFMAN COMPRESSION\HUFFMAN COMPRESSION\DEBUG\MAINER7.OBJ
D:\MYENGINE\PROJECTFILES2\HUFFMAN COMPRESSION\HUFFMAN COMPRESSION\DEBUG\MAINER8.OBJ
D:\MyEngine\ProjectFiles2\Huffman Compression\Huffman Compression\Debug\mt.command.1.tlog
D:\MyEngine\ProjectFiles2\Huffman Compression\Huffman Compression\Debug\mt.read.1.tlog
D:\MyEngine\ProjectFiles2\Huffman Compression\Huffman Compression\Debug\mt.write.1.tlog
D:\MyEngine\ProjectFiles2\Huffman Compression\Huffman Compression\Debug\rc.command.1.tlog
D:\MyEngine\ProjectFiles2\Huffman Compression\Huffman Compression\Debug\rc.read.1.tlog
D:\MyEngine\ProjectFiles2\Huffman Compression\Huffman Compression\Debug\rc.write.1.tlog
D:\MyEngine\ProjectFiles2\Huffman Compression\Huffman Compression\Debug\vc100.idb
D:\MYENGINE\PROJECTFILES2\HUFFMAN COMPRESSION\HUFFMAN COMPRESSION\DEBUG\VC100.PDB
